生成启动时间为 2015/5/5 16:53:41。
     1>项目“E:\桌面\Desktop\中间件\my-midware\爬虫\crawler\crawler\crawler.vcxproj”在节点 2 上(Build 个目标)。
     1>ClCompile:
         D:\vs\VC\bin\CL.exe /c /ZI /nologo /W3 /WX- /Od /Oy- /D _MBCS /Gm /EHsc /RTC1 /MDd /GS /fp:precise /Zc:wchar_t /Zc:forScope /Fo"Debug\\" /Fd"Debug\vc110.pdb" /Gd /TP /analyze- /errorReport:prompt test.cpp
         test.cpp
     1>e:\桌面\desktop\中间件\my-midware\爬虫\crawler\crawler\test.cpp(29): warning C4996: 'sscanf': This function or variable may be unsafe. Consider using sscanf_s instead. To disable deprecation, use _CRT_SECURE_NO_WARNINGS. See online help for details.
                 d:\vs\vc\include\stdio.h(311) : 参见“sscanf”的声明
     1>e:\桌面\desktop\中间件\my-midware\爬虫\crawler\crawler\test.cpp(125): warning C4996: 'sscanf': This function or variable may be unsafe. Consider using sscanf_s instead. To disable deprecation, use _CRT_SECURE_NO_WARNINGS. See online help for details.
                 d:\vs\vc\include\stdio.h(311) : 参见“sscanf”的声明
     1>e:\桌面\desktop\中间件\my-midware\爬虫\crawler\crawler\test.cpp(156): warning C4996: 'sscanf': This function or variable may be unsafe. Consider using sscanf_s instead. To disable deprecation, use _CRT_SECURE_NO_WARNINGS. See online help for details.
                 d:\vs\vc\include\stdio.h(311) : 参见“sscanf”的声明
     1>e:\桌面\desktop\中间件\my-midware\爬虫\crawler\crawler\test.cpp(200): warning C4018: “<”: 有符号/无符号不匹配
     1>e:\桌面\desktop\中间件\my-midware\爬虫\crawler\crawler\test.cpp(249): warning C4996: 'sscanf': This function or variable may be unsafe. Consider using sscanf_s instead. To disable deprecation, use _CRT_SECURE_NO_WARNINGS. See online help for details.
                 d:\vs\vc\include\stdio.h(311) : 参见“sscanf”的声明
     1>e:\桌面\desktop\中间件\my-midware\爬虫\crawler\crawler\test.cpp(261): warning C4996: 'sscanf': This function or variable may be unsafe. Consider using sscanf_s instead. To disable deprecation, use _CRT_SECURE_NO_WARNINGS. See online help for details.
                 d:\vs\vc\include\stdio.h(311) : 参见“sscanf”的声明
     1>e:\桌面\desktop\中间件\my-midware\爬虫\crawler\crawler\test.cpp(272): warning C4996: 'sscanf': This function or variable may be unsafe. Consider using sscanf_s instead. To disable deprecation, use _CRT_SECURE_NO_WARNINGS. See online help for details.
                 d:\vs\vc\include\stdio.h(311) : 参见“sscanf”的声明
       Link:
         D:\vs\VC\bin\link.exe /ERRORREPORT:PROMPT /OUT:"E:\桌面\Desktop\中间件\my-midware\爬虫\crawler\Debug\crawler.exe" /INCREMENTAL /NOLOGO kernel32.lib user32.lib gdi32.lib winspool.lib comdlg32.lib advapi32.lib shell32.lib ole32.lib oleaut32.lib uuid.lib odbc32.lib odbccp32.lib /MANIFEST /MANIFESTUAC:"level='asInvoker' uiAccess='false'" /manifest:embed /DEBUG /PDB:"E:\桌面\Desktop\中间件\my-midware\爬虫\crawler\Debug\crawler.pdb" /TLBID:1 /DYNAMICBASE /NXCOMPAT /IMPLIB:"E:\桌面\Desktop\中间件\my-midware\爬虫\crawler\Debug\crawler.lib" /MACHINE:X86 Debug\test.obj
         crawler.vcxproj -> E:\桌面\Desktop\中间件\my-midware\爬虫\crawler\Debug\crawler.exe
     1>已完成生成项目“E:\桌面\Desktop\中间件\my-midware\爬虫\crawler\crawler\crawler.vcxproj”(Build 个目标)的操作。

生成成功。

已用时间 00:00:03.60
